<?xml version="1.0" encoding="UTF-8"?>
<!-- Generated by org.testng.reporters.JUnitReportReporter -->
<testsuite hostname="DESKTOP-IP564CF" failures="0" tests="1" name="test.LoginTest" time="2.892" errors="0" timestamp="2022-07-17T13:43:49 IST" skipped="0">
  <testcase classname="test.LoginTest" name="LoginCred" time="2.892"/>
  <system-out/>
</testsuite> <!-- test.LoginTest -->
